<?xml version="1.0" encoding="UTF-8"?>
<!-- Generated by org.testng.reporters.JUnitReportReporter -->
<testsuite hostname="LAPTOP-DDLK6946" failures="0" tests="5" name="Practice.Testautomation.Loginpage" time="4.020" errors="0" timestamp="2024-08-09T12:57:35 IST" skipped="0">
  <testcase classname="Practice.Testautomation.Loginpage" name="verifyurl" time="0.518"/>
  <testcase classname="Practice.Testautomation.Loginpage" name="validlogin" time="1.067"/>
  <testcase classname="Practice.Testautomation.Loginpage" name="invalidusername" time="0.807"/>
  <testcase classname="Practice.Testautomation.Loginpage" name="invalidpassword" time="0.781"/>
  <testcase classname="Practice.Testautomation.Loginpage" name="invalidusernameandpassword" time="0.847"/>
</testsuite> <!-- Practice.Testautomation.Loginpage -->
