<?xml version="1.0" encoding="UTF-8"?>
<!-- Generated by org.testng.reporters.JUnitReportReporter -->
<testsuite hostname="LAPTOP-DDLK6946" failures="0" tests="5" name="Practice.Testautomation.Practice" time="2.815" errors="0" timestamp="2024-08-06T16:36:11 IST" skipped="0">
  <testcase classname="Practice.Testautomation.Practice" name="NoSuchElementException" time="0.739"/>
  <testcase classname="Practice.Testautomation.Practice" name="ElementNotInteractableException" time="0.509"/>
  <testcase classname="Practice.Testautomation.Practice" name="InvalidElementStateException" time="0.472"/>
  <testcase classname="Practice.Testautomation.Practice" name="StaleElementReferenceException" time="0.609"/>
  <testcase classname="Practice.Testautomation.Practice" name="TimeoutException" time="0.486"/>
</testsuite> <!-- Practice.Testautomation.Practice -->
